0 info it worked if it ends with ok
1 verbose cli [ '/Users/joshuabechard/.nvm/versions/node/v5.10.1/bin/node',
1 verbose cli   '/Users/joshuabechard/.nvm/versions/node/v5.10.1/bin/npm',
1 verbose cli   'start' ]
2 info using npm@3.10.6
3 info using node@v5.10.1
4 verbose run-script [ 'prestart', 'start', 'poststart' ]
5 info lifecycle trips@1.0.0~prestart: trips@1.0.0
6 silly lifecycle trips@1.0.0~prestart: no script for prestart, continuing
7 info lifecycle trips@1.0.0~start: trips@1.0.0
8 verbose lifecycle trips@1.0.0~start: unsafe-perm in lifecycle true
9 verbose lifecycle trips@1.0.0~start: PATH: /Users/joshuabechard/.nvm/versions/node/v5.10.1/lib/node_modules/npm/bin/node-gyp-bin:/Users/joshuabechard/meteor/trips/node_modules/.bin:/Users/joshuabechard/.nvm/versions/node/v5.10.1/bin:/Users/joshuabechard/Library/Android/sdk/platform-tools:/Users/joshuabechard/.node/bin:/usr/local/bin:/usr/bin:/bin:/usr/sbin:/sbin
10 verbose lifecycle trips@1.0.0~start: CWD: /Users/joshuabechard/meteor/trips
11 silly lifecycle trips@1.0.0~start: Args: [ '-c', 'meteor run --settings settings.json' ]
12 silly lifecycle trips@1.0.0~start: Returned: code: 1  signal: null
13 info lifecycle trips@1.0.0~start: Failed to exec start script
14 verbose stack Error: trips@1.0.0 start: `meteor run --settings settings.json`
14 verbose stack Exit status 1
14 verbose stack     at EventEmitter.<anonymous> (/Users/joshuabechard/.nvm/versions/node/v5.10.1/lib/node_modules/npm/lib/utils/lifecycle.js:255:16)
14 verbose stack     at emitTwo (events.js:100:13)
14 verbose stack     at EventEmitter.emit (events.js:185:7)
14 verbose stack     at ChildProcess.<anonymous> (/Users/joshuabechard/.nvm/versions/node/v5.10.1/lib/node_modules/npm/lib/utils/spawn.js:40:14)
14 verbose stack     at emitTwo (events.js:100:13)
14 verbose stack     at ChildProcess.emit (events.js:185:7)
14 verbose stack     at maybeClose (internal/child_process.js:850:16)
14 verbose stack     at Process.ChildProcess._handle.onexit (internal/child_process.js:215:5)
15 verbose pkgid trips@1.0.0
16 verbose cwd /Users/joshuabechard/meteor/trips
17 error Darwin 15.6.0
18 error argv "/Users/joshuabechard/.nvm/versions/node/v5.10.1/bin/node" "/Users/joshuabechard/.nvm/versions/node/v5.10.1/bin/npm" "start"
19 error node v5.10.1
20 error npm  v3.10.6
21 error code ELIFECYCLE
22 error trips@1.0.0 start: `meteor run --settings settings.json`
22 error Exit status 1
23 error Failed at the trips@1.0.0 start script 'meteor run --settings settings.json'.
23 error Make sure you have the latest version of node.js and npm installed.
23 error If you do, this is most likely a problem with the trips package,
23 error not with npm itself.
23 error Tell the author that this fails on your system:
23 error     meteor run --settings settings.json
23 error You can get information on how to open an issue for this project with:
23 error     npm bugs trips
23 error Or if that isn't available, you can get their info via:
23 error     npm owner ls trips
23 error There is likely additional logging output above.
24 verbose exit [ 1, true ]
